Build started 4/13/2019 5:32:12 PM.
     1>Project "D:\oop\ChessSteps\ChessSteps\ChessSteps.vcxproj" on node 2 (Build target(s)).
     1>ClCompile:
         C:\Program Files (x86)\Microsoft Visual Studio 12.0\VC\bin\CL.exe /c /ZI /nologo /W3 /WX- /sdl /Od /Oy- /D WIN32 /D _DEBUG /D _CONSOLE /D _LIB /D _UNICODE /D UNICODE /Gm /EHsc /RTC1 /MDd /GS /fp:precise /Zc:wchar_t /Zc:forScope /Fo"Debug\\" /Fd"Debug\vc120.pdb" /Gd /TP /analyze- /errorReport:prompt main.cpp player.cpp session.cpp
         player.cpp
         Generating Code...
         Skipping... (no relevant changes detected)
         session.cpp
         main.cpp
       Link:
         C:\Program Files (x86)\Microsoft Visual Studio 12.0\VC\bin\link.exe /ERRORREPORT:PROMPT /OUT:"D:\oop\ChessSteps\Debug\ChessSteps.exe" /INCREMENTAL /NOLOGO kernel32.lib user32.lib gdi32.lib winspool.lib comdlg32.lib advapi32.lib shell32.lib ole32.lib oleaut32.lib uuid.lib odbc32.lib odbccp32.lib /MANIFEST /MANIFESTUAC:"level='asInvoker' uiAccess='false'" /manifest:embed /DEBUG /PDB:"D:\oop\ChessSteps\Debug\ChessSteps.pdb" /SUBSYSTEM:CONSOLE /TLBID:1 /DYNAMICBASE /NXCOMPAT /IMPLIB:"D:\oop\ChessSteps\Debug\ChessSteps.lib" /MACHINE:X86 Debug\bishop.obj
         Debug\board.obj
         Debug\king.obj
         Debug\knight.obj
         Debug\main.obj
         Debug\piece.obj
         Debug\player.obj
         Debug\pon.obj
         Debug\queen.obj
         Debug\rook.obj
         Debug\session.obj
         Debug\square.obj
         ChessSteps.vcxproj -> D:\oop\ChessSteps\Debug\ChessSteps.exe
     1>Done Building Project "D:\oop\ChessSteps\ChessSteps\ChessSteps.vcxproj" (Build target(s)).

Build succeeded.

Time Elapsed 00:00:01.45
